<?xml version="1.0" encoding="UTF-8"?>
<testsuite xmlns:xsi="http://www.w3.org/2001/XMLSchema-instance" xsi:noNamespaceSchemaLocation="https://maven.apache.org/surefire/maven-surefire-plugin/xsd/surefire-test-report-3.0.xsd" version="3.0" name="com.iut.banque.test.modele.TestsCompte" time="0" tests="11" errors="0" skipped="0" failures="0">
  <properties>
    <property name="sun.desktop" value="windows"/>
    <property name="awt.toolkit" value="sun.awt.windows.WToolkit"/>
    <property name="file.encoding.pkg" value="sun.io"/>
    <property name="java.specification.version" value="1.8"/>
    <property name="sun.cpu.isalist" value="amd64"/>
    <property name="sun.jnu.encoding" value="Cp1252"/>
    <property name="java.class.path" value="C:\Users\Gabriel\Documents\QualiteDevTP\target\test-classes;C:\Users\Gabriel\Documents\QualiteDevTP\target\classes;C:\Users\Gabriel\.m2\repository\org\hibernate\hibernate-core\5.1.17.Final\hibernate-core-5.1.17.Final.jar;C:\Users\Gabriel\.m2\repository\org\jboss\logging\jboss-logging\3.3.0.Final\jboss-logging-3.3.0.Final.jar;C:\Users\Gabriel\.m2\repository\org\hibernate\javax\persistence\hibernate-jpa-2.1-api\1.0.0.Final\hibernate-jpa-2.1-api-1.0.0.Final.jar;C:\Users\Gabriel\.m2\repository\org\javassist\javassist\3.20.0-GA\javassist-3.20.0-GA.jar;C:\Users\Gabriel\.m2\repository\antlr\antlr\2.7.7\antlr-2.7.7.jar;C:\Users\Gabriel\.m2\repository\org\apache\geronimo\specs\geronimo-jta_1.1_spec\1.1.1\geronimo-jta_1.1_spec-1.1.1.jar;C:\Users\Gabriel\.m2\repository\org\jboss\jandex\2.0.3.Final\jandex-2.0.3.Final.jar;C:\Users\Gabriel\.m2\repository\com\fasterxml\classmate\1.3.0\classmate-1.3.0.jar;C:\Users\Gabriel\.m2\repository\org\dom4j\dom4j\2.1.1\dom4j-2.1.1.jar;C:\Users\Gabriel\.m2\repository\org\hibernate\common\hibernate-commons-annotations\5.0.1.Final\hibernate-commons-annotations-5.0.1.Final.jar;C:\Users\Gabriel\.m2\repository\mysql\mysql-connector-java\5.1.44\mysql-connector-java-5.1.44.jar;C:\Users\Gabriel\.m2\repository\org\springframework\spring-context\4.2.6.RELEASE\spring-context-4.2.6.RELEASE.jar;C:\Users\Gabriel\.m2\repository\org\springframework\spring-aop\4.2.6.RELEASE\spring-aop-4.2.6.RELEASE.jar;C:\Users\Gabriel\.m2\repository\aopalliance\aopalliance\1.0\aopalliance-1.0.jar;C:\Users\Gabriel\.m2\repository\org\springframework\spring-beans\4.2.6.RELEASE\spring-beans-4.2.6.RELEASE.jar;C:\Users\Gabriel\.m2\repository\org\springframework\spring-core\4.2.6.RELEASE\spring-core-4.2.6.RELEASE.jar;C:\Users\Gabriel\.m2\repository\commons-logging\commons-logging\1.2\commons-logging-1.2.jar;C:\Users\Gabriel\.m2\repository\org\springframework\spring-expression\4.2.6.RELEASE\spring-expression-4.2.6.RELEASE.jar;C:\Users\Gabriel\.m2\repository\org\springframework\spring-orm\4.2.6.RELEASE\spring-orm-4.2.6.RELEASE.jar;C:\Users\Gabriel\.m2\repository\org\springframework\spring-jdbc\4.2.6.RELEASE\spring-jdbc-4.2.6.RELEASE.jar;C:\Users\Gabriel\.m2\repository\org\springframework\spring-tx\4.2.6.RELEASE\spring-tx-4.2.6.RELEASE.jar;C:\Users\Gabriel\.m2\repository\org\springframework\spring-web\4.2.6.RELEASE\spring-web-4.2.6.RELEASE.jar;C:\Users\Gabriel\.m2\repository\org\springframework\spring-test\4.2.6.RELEASE\spring-test-4.2.6.RELEASE.jar;C:\Users\Gabriel\.m2\repository\org\apache\struts\struts2-core\2.1.6\struts2-core-2.1.6.jar;C:\Users\Gabriel\.m2\repository\com\opensymphony\xwork\2.1.2\xwork-2.1.2.jar;C:\Users\Gabriel\.m2\repository\org\freemarker\freemarker\2.3.13\freemarker-2.3.13.jar;C:\Users\Gabriel\.m2\repository\opensymphony\ognl\2.6.11\ognl-2.6.11.jar;C:\Users\Gabriel\.m2\repository\commons-fileupload\commons-fileupload\1.2.1\commons-fileupload-1.2.1.jar;C:\Users\Gabriel\.m2\repository\commons-io\commons-io\1.3.2\commons-io-1.3.2.jar;C:\Users\Gabriel\.m2\repository\junit\junit\4.12\junit-4.12.jar;C:\Users\Gabriel\.m2\repository\org\hamcrest\hamcrest-core\1.3\hamcrest-core-1.3.jar;C:\Users\Gabriel\.m2\repository\commons-pool\commons-pool\1.6\commons-pool-1.6.jar;C:\Users\Gabriel\.m2\repository\commons-dbcp\commons-dbcp\1.2.2\commons-dbcp-1.2.2.jar;C:\Users\Gabriel\.m2\repository\com\google\gwt\gwt-servlet\2.7.0\gwt-servlet-2.7.0.jar;C:\Users\Gabriel\.m2\repository\com\sencha\gxt\gxt\3.0.1\gxt-3.0.1.jar;C:\Users\Gabriel\.m2\repository\javax\validation\validation-api\1.0.0.GA\validation-api-1.0.0.GA.jar;C:\Users\Gabriel\.m2\repository\javax\validation\validation-api\1.0.0.GA\validation-api-1.0.0.GA-sources.jar;C:\Users\Gabriel\.m2\repository\org\json\json\20090211\json-20090211.jar;C:\Users\Gabriel\.m2\repository\javax\servlet\javax.servlet-api\3.1.0\javax.servlet-api-3.1.0.jar;C:\Users\Gabriel\.m2\repository\javax\xml\bind\jaxb-api\2.2.11\jaxb-api-2.2.11.jar;C:\Users\Gabriel\.m2\repository\com\sun\xml\bind\jaxb-core\2.2.11\jaxb-core-2.2.11.jar;C:\Users\Gabriel\.m2\repository\com\sun\xml\bind\jaxb-impl\2.2.11\jaxb-impl-2.2.11.jar;C:\Users\Gabriel\.m2\repository\javax\activation\activation\1.1.1\activation-1.1.1.jar;"/>
    <property name="java.vm.vendor" value="Amazon.com Inc."/>
    <property name="sun.arch.data.model" value="64"/>
    <property name="user.variant" value=""/>
    <property name="java.vendor.url" value="https://aws.amazon.com/corretto/"/>
    <property name="user.timezone" value="Europe/Paris"/>
    <property name="java.vm.specification.version" value="1.8"/>
    <property name="os.name" value="Windows 10"/>
    <property name="user.country" value="FR"/>
    <property name="sun.java.launcher" value="SUN_STANDARD"/>
    <property name="sun.boot.library.path" value="C:\Users\Gabriel\.jdks\corretto-1.8.0_382\jre\bin"/>
    <property name="sun.java.command" value="C:\Users\Gabriel\AppData\Local\Temp\surefire7314080496593018403\surefirebooter-20230920151820407_3.jar C:\Users\Gabriel\AppData\Local\Temp\surefire7314080496593018403 2023-09-20T15-18-20_065-jvmRun1 surefire-20230920151820407_1tmp surefire_0-20230920151820407_2tmp"/>
    <property name="surefire.test.class.path" value="C:\Users\Gabriel\Documents\QualiteDevTP\target\test-classes;C:\Users\Gabriel\Documents\QualiteDevTP\target\classes;C:\Users\Gabriel\.m2\repository\org\hibernate\hibernate-core\5.1.17.Final\hibernate-core-5.1.17.Final.jar;C:\Users\Gabriel\.m2\repository\org\jboss\logging\jboss-logging\3.3.0.Final\jboss-logging-3.3.0.Final.jar;C:\Users\Gabriel\.m2\repository\org\hibernate\javax\persistence\hibernate-jpa-2.1-api\1.0.0.Final\hibernate-jpa-2.1-api-1.0.0.Final.jar;C:\Users\Gabriel\.m2\repository\org\javassist\javassist\3.20.0-GA\javassist-3.20.0-GA.jar;C:\Users\Gabriel\.m2\repository\antlr\antlr\2.7.7\antlr-2.7.7.jar;C:\Users\Gabriel\.m2\repository\org\apache\geronimo\specs\geronimo-jta_1.1_spec\1.1.1\geronimo-jta_1.1_spec-1.1.1.jar;C:\Users\Gabriel\.m2\repository\org\jboss\jandex\2.0.3.Final\jandex-2.0.3.Final.jar;C:\Users\Gabriel\.m2\repository\com\fasterxml\classmate\1.3.0\classmate-1.3.0.jar;C:\Users\Gabriel\.m2\repository\org\dom4j\dom4j\2.1.1\dom4j-2.1.1.jar;C:\Users\Gabriel\.m2\repository\org\hibernate\common\hibernate-commons-annotations\5.0.1.Final\hibernate-commons-annotations-5.0.1.Final.jar;C:\Users\Gabriel\.m2\repository\mysql\mysql-connector-java\5.1.44\mysql-connector-java-5.1.44.jar;C:\Users\Gabriel\.m2\repository\org\springframework\spring-context\4.2.6.RELEASE\spring-context-4.2.6.RELEASE.jar;C:\Users\Gabriel\.m2\repository\org\springframework\spring-aop\4.2.6.RELEASE\spring-aop-4.2.6.RELEASE.jar;C:\Users\Gabriel\.m2\repository\aopalliance\aopalliance\1.0\aopalliance-1.0.jar;C:\Users\Gabriel\.m2\repository\org\springframework\spring-beans\4.2.6.RELEASE\spring-beans-4.2.6.RELEASE.jar;C:\Users\Gabriel\.m2\repository\org\springframework\spring-core\4.2.6.RELEASE\spring-core-4.2.6.RELEASE.jar;C:\Users\Gabriel\.m2\repository\commons-logging\commons-logging\1.2\commons-logging-1.2.jar;C:\Users\Gabriel\.m2\repository\org\springframework\spring-expression\4.2.6.RELEASE\spring-expression-4.2.6.RELEASE.jar;C:\Users\Gabriel\.m2\repository\org\springframework\spring-orm\4.2.6.RELEASE\spring-orm-4.2.6.RELEASE.jar;C:\Users\Gabriel\.m2\repository\org\springframework\spring-jdbc\4.2.6.RELEASE\spring-jdbc-4.2.6.RELEASE.jar;C:\Users\Gabriel\.m2\repository\org\springframework\spring-tx\4.2.6.RELEASE\spring-tx-4.2.6.RELEASE.jar;C:\Users\Gabriel\.m2\repository\org\springframework\spring-web\4.2.6.RELEASE\spring-web-4.2.6.RELEASE.jar;C:\Users\Gabriel\.m2\repository\org\springframework\spring-test\4.2.6.RELEASE\spring-test-4.2.6.RELEASE.jar;C:\Users\Gabriel\.m2\repository\org\apache\struts\struts2-core\2.1.6\struts2-core-2.1.6.jar;C:\Users\Gabriel\.m2\repository\com\opensymphony\xwork\2.1.2\xwork-2.1.2.jar;C:\Users\Gabriel\.m2\repository\org\freemarker\freemarker\2.3.13\freemarker-2.3.13.jar;C:\Users\Gabriel\.m2\repository\opensymphony\ognl\2.6.11\ognl-2.6.11.jar;C:\Users\Gabriel\.m2\repository\commons-fileupload\commons-fileupload\1.2.1\commons-fileupload-1.2.1.jar;C:\Users\Gabriel\.m2\repository\commons-io\commons-io\1.3.2\commons-io-1.3.2.jar;C:\Users\Gabriel\.m2\repository\junit\junit\4.12\junit-4.12.jar;C:\Users\Gabriel\.m2\repository\org\hamcrest\hamcrest-core\1.3\hamcrest-core-1.3.jar;C:\Users\Gabriel\.m2\repository\commons-pool\commons-pool\1.6\commons-pool-1.6.jar;C:\Users\Gabriel\.m2\repository\commons-dbcp\commons-dbcp\1.2.2\commons-dbcp-1.2.2.jar;C:\Users\Gabriel\.m2\repository\com\google\gwt\gwt-servlet\2.7.0\gwt-servlet-2.7.0.jar;C:\Users\Gabriel\.m2\repository\com\sencha\gxt\gxt\3.0.1\gxt-3.0.1.jar;C:\Users\Gabriel\.m2\repository\javax\validation\validation-api\1.0.0.GA\validation-api-1.0.0.GA.jar;C:\Users\Gabriel\.m2\repository\javax\validation\validation-api\1.0.0.GA\validation-api-1.0.0.GA-sources.jar;C:\Users\Gabriel\.m2\repository\org\json\json\20090211\json-20090211.jar;C:\Users\Gabriel\.m2\repository\javax\servlet\javax.servlet-api\3.1.0\javax.servlet-api-3.1.0.jar;C:\Users\Gabriel\.m2\repository\javax\xml\bind\jaxb-api\2.2.11\jaxb-api-2.2.11.jar;C:\Users\Gabriel\.m2\repository\com\sun\xml\bind\jaxb-core\2.2.11\jaxb-core-2.2.11.jar;C:\Users\Gabriel\.m2\repository\com\sun\xml\bind\jaxb-impl\2.2.11\jaxb-impl-2.2.11.jar;C:\Users\Gabriel\.m2\repository\javax\activation\activation\1.1.1\activation-1.1.1.jar;"/>
    <property name="sun.cpu.endian" value="little"/>
    <property name="user.home" value="C:\Users\Gabriel"/>
    <property name="user.language" value="fr"/>
    <property name="java.specification.vendor" value="Oracle Corporation"/>
    <property name="java.home" value="C:\Users\Gabriel\.jdks\corretto-1.8.0_382\jre"/>
    <property name="basedir" value="C:\Users\Gabriel\Documents\QualiteDevTP"/>
    <property name="file.separator" value="\"/>
    <property name="line.separator" value="&#10;"/>
    <property name="java.vm.specification.vendor" value="Oracle Corporation"/>
    <property name="java.specification.name" value="Java Platform API Specification"/>
    <property name="java.awt.graphicsenv" value="sun.awt.Win32GraphicsEnvironment"/>
    <property name="surefire.real.class.path" value="C:\Users\Gabriel\AppData\Local\Temp\surefire7314080496593018403\surefirebooter-20230920151820407_3.jar"/>
    <property name="sun.boot.class.path" value="C:\Users\Gabriel\.jdks\corretto-1.8.0_382\jre\lib\resources.jar;C:\Users\Gabriel\.jdks\corretto-1.8.0_382\jre\lib\rt.jar;C:\Users\Gabriel\.jdks\corretto-1.8.0_382\jre\lib\sunrsasign.jar;C:\Users\Gabriel\.jdks\corretto-1.8.0_382\jre\lib\jsse.jar;C:\Users\Gabriel\.jdks\corretto-1.8.0_382\jre\lib\jce.jar;C:\Users\Gabriel\.jdks\corretto-1.8.0_382\jre\lib\charsets.jar;C:\Users\Gabriel\.jdks\corretto-1.8.0_382\jre\lib\jfr.jar;C:\Users\Gabriel\.jdks\corretto-1.8.0_382\jre\classes"/>
    <property name="user.script" value=""/>
    <property name="sun.management.compiler" value="HotSpot 64-Bit Tiered Compilers"/>
    <property name="java.runtime.version" value="1.8.0_382-b05"/>
    <property name="user.name" value="Gabriel"/>
    <property name="path.separator" value=";"/>
    <property name="os.version" value="10.0"/>
    <property name="java.endorsed.dirs" value="C:\Users\Gabriel\.jdks\corretto-1.8.0_382\jre\lib\endorsed"/>
    <property name="java.runtime.name" value="OpenJDK Runtime Environment"/>
    <property name="file.encoding" value="Cp1252"/>
    <property name="java.vm.name" value="OpenJDK 64-Bit Server VM"/>
    <property name="localRepository" value="C:\Users\Gabriel\.m2\repository"/>
    <property name="java.vendor.url.bug" value="https://github.com/corretto/corretto-8/issues/"/>
    <property name="java.io.tmpdir" value="C:\Users\Gabriel\AppData\Local\Temp\"/>
    <property name="idea.version" value="2023.2.2"/>
    <property name="java.version" value="1.8.0_382"/>
    <property name="user.dir" value="C:\Users\Gabriel\Documents\QualiteDevTP"/>
    <property name="os.arch" value="amd64"/>
    <property name="java.vm.specification.name" value="Java Virtual Machine Specification"/>
    <property name="java.awt.printerjob" value="sun.awt.windows.WPrinterJob"/>
    <property name="sun.os.patch.level" value=""/>
    <property name="java.library.path" value="C:\Users\Gabriel\.jdks\corretto-1.8.0_382\jre\bin;C:\WINDOWS\Sun\Java\bin;C:\WINDOWS\system32;C:\WINDOWS;C:\Program Files\Common Files\Oracle\Java\javapath;C:\Python311\Scripts\;C:\Python311\;C:\Program Files (x86)\Common Files\Oracle\Java\javapath;C:\ProgramData\Oracle\Java\javapath;C:\Program Files (x86)\Intel\iCLS Client\;C:\Program Files\Intel\iCLS Client\;C:\Windows\system32;C:\Windows;C:\Windows\System32\Wbem;C:\Windows\System32\WindowsPowerShell\v1.0\;C:\Program Files (x86)\Intel\Intel(R) Management Engine Components\DAL;C:\Program Files\Intel\Intel(R) Management Engine Components\DAL;C:\Program Files (x86)\Intel\Intel(R) Management Engine Components\IPT;C:\Program Files\Intel\Intel(R) Management Engine Components\IPT;C:\WINDOWS\system32;C:\WINDOWS;C:\WINDOWS\System32\Wbem;C:\WINDOWS\System32\WindowsPowerShell\v1.0\;C:\Program Files (x86)\Skype\Phone\;C:\WINDOWS\System32\OpenSSH\;C:\Program Files (x86)\NVIDIA Corporation\PhysX\Common;C:\Program Files\NVIDIA Corporation\NVIDIA NvDLISR;C:\WINDOWS\system32;C:\WINDOWS;C:\WINDOWS\System32\Wbem;C:\WINDOWS\System32\WindowsPowerShell\v1.0\;C:\WINDOWS\System32\OpenSSH\;C:\Program Files\Microsoft SQL Server\130\Tools\Binn\;C:\ProgramData\chocolatey\bin;C:\Program Files\nodejs\;C:\Program Files\Docker\Docker\resources\bin;C:\Program Files\Git\cmd;C:\Program Files\dotnet\;E:\MATLAB\bin;C:\Users\Gabriel\Documents\apache-maven-3.9.4\bin;C:\Users\Gabriel\AppData\Local\Programs\Python\Python310\Scripts\;C:\Users\Gabriel\AppData\Local\Programs\Python\Python310\;C:\Users\Gabriel\AppData\Local\Microsoft\WindowsApps;C:\Users\Gabriel\AppData\Roaming\Dashlane\6.1907.0.17833\bin\Firefox_Extension\{442718d9-475e-452a-b3e1-fb1ee16b8e9f}\components;C:\Users\Gabriel\AppData\Roaming\Dashlane\6.1907.0.17833\ucrt;C:\Users\Gabriel\AppData\Roaming\Dashlane\6.1907.0.17833\bin\Qt;C:\Users\Gabriel\AppData\Roaming\Dashlane\6.1907.0.17833\bin\Ssl;C:\Users\Gabriel\AppData\Local\Programs\Microsoft VS Code\bin;C:\Users\Gabriel\AppData\Roaming\npm;C:\Users\Gabriel\Documents\flutter\bin;C:\Program Files\JetBrains\IntelliJ IDEA 2023.2.2\bin;;;."/>
    <property name="java.vm.info" value="mixed mode"/>
    <property name="java.vendor" value="Amazon.com Inc."/>
    <property name="java.vm.version" value="25.382-b05"/>
    <property name="java.specification.maintenance.version" value="5"/>
    <property name="java.ext.dirs" value="C:\Users\Gabriel\.jdks\corretto-1.8.0_382\jre\lib\ext;C:\WINDOWS\Sun\Java\lib\ext"/>
    <property name="sun.io.unicode.encoding" value="UnicodeLittle"/>
    <property name="java.class.version" value="52.0"/>
  </properties>
  <testcase name="testConstruireCompteAvecFormatNumeroCompteIncorrect" classname="com.iut.banque.test.modele.TestsCompte" time="0"/>
  <testcase name="testMethodeCheckFormatNumeroCompteCorrect" classname="com.iut.banque.test.modele.TestsCompte" time="0"/>
  <testcase name="testMethodeCheckFormatNumeroCompteAvecTroisLettresAuDebut" classname="com.iut.banque.test.modele.TestsCompte" time="0"/>
  <testcase name="testCrediterCompte" classname="com.iut.banque.test.modele.TestsCompte" time="0"/>
  <testcase name="testMethodeCheckFormatNumeroCompteAvecUneSeuleLettreAuDebut" classname="com.iut.banque.test.modele.TestsCompte" time="0"/>
  <testcase name="testMethodeCheckFormatNumeroCompteAucuneLettreAuDebut" classname="com.iut.banque.test.modele.TestsCompte" time="0"/>
  <testcase name="testMethodeCheckFormatNumeroCompteAvecLettresALaFin" classname="com.iut.banque.test.modele.TestsCompte" time="0"/>
  <testcase name="testMethodeCheckFormatNumeroCompteAvecLettresAuMillieu" classname="com.iut.banque.test.modele.TestsCompte" time="0"/>
  <testcase name="testMethodeCheckFormatNumeroCompteAvecMoinsDeChiffresQueAttendu" classname="com.iut.banque.test.modele.TestsCompte" time="0"/>
  <testcase name="testCrediterCompteMontantNegatif" classname="com.iut.banque.test.modele.TestsCompte" time="0"/>
  <testcase name="testMethodeCheckFormatNumeroCompteAvecPlusDeChiffresQueAttendu" classname="com.iut.banque.test.modele.TestsCompte" time="0"/>
</testsuite>